Sat May 05 2018 08:20:33 GMT+0100 (BST): New user connected
Sat May 05 2018 08:20:36 GMT+0100 (BST): New user connected
Sat May 05 2018 08:22:41 GMT+0100 (BST): New user connected
Sat May 05 2018 08:22:41 GMT+0100 (BST): Invalid details: Name or room name not provided
Sat May 05 2018 08:26:47 GMT+0100 (BST): New user connected
Sat May 05 2018 08:26:53 GMT+0100 (BST): New user connected
Sat May 05 2018 08:27:25 GMT+0100 (BST): New user connected
Sat May 05 2018 08:27:29 GMT+0100 (BST): New user connected
Sat May 05 2018 08:27:31 GMT+0100 (BST): New user connected
Sat May 05 2018 08:27:33 GMT+0100 (BST): New user connected
Sat May 05 2018 08:27:35 GMT+0100 (BST): New user connected
Sat May 05 2018 08:29:08 GMT+0100 (BST): New user connected
Sat May 05 2018 08:29:11 GMT+0100 (BST): New user connected
Sat May 05 2018 08:29:12 GMT+0100 (BST): New user connected
Sat May 05 2018 08:31:01 GMT+0100 (BST): New user connected
Sat May 05 2018 08:31:32 GMT+0100 (BST): New user connected
Sat May 05 2018 08:33:37 GMT+0100 (BST): New user connected
Sat May 05 2018 08:33:45 GMT+0100 (BST): New user connected
Sat May 05 2018 08:33:46 GMT+0100 (BST): New user connected
Sat May 05 2018 08:33:48 GMT+0100 (BST): New user connected
Sat May 05 2018 08:33:52 GMT+0100 (BST): New user connected
Sat May 05 2018 08:39:56 GMT+0100 (BST): New user connected
Sat May 05 2018 08:40:00 GMT+0100 (BST): New user connected
Sat May 05 2018 08:41:25 GMT+0100 (BST): New user connected
Sat May 05 2018 08:41:28 GMT+0100 (BST): New user connected
Sat May 05 2018 08:41:28 GMT+0100 (BST): Invalid attempt to join chat: Name or room not provided
Sat May 05 2018 08:47:14 GMT+0100 (BST): New user connected
Sat May 05 2018 08:47:14 GMT+0100 (BST): Invalid attempt to join chat: Name or room not provided
Sat May 05 2018 08:47:20 GMT+0100 (BST): New user connected
Sat May 05 2018 08:48:47 GMT+0100 (BST): New user connected
Sat May 05 2018 08:48:47 GMT+0100 (BST): Invalid attempt to join chat: Name or room not provided
Sat May 05 2018 08:48:50 GMT+0100 (BST): New user connected
Sat May 05 2018 08:49:43 GMT+0100 (BST): New user connected
Sat May 05 2018 08:49:43 GMT+0100 (BST): Invalid attempt to join chat: Name or room not provided
Sat May 05 2018 08:49:46 GMT+0100 (BST): New user connected
Sat May 05 2018 08:50:43 GMT+0100 (BST): New user connected
Sat May 05 2018 08:50:56 GMT+0100 (BST): New user connected
Sat May 05 2018 08:50:56 GMT+0100 (BST): Invalid attempt to join chat: Name or room not provided
Sat May 05 2018 08:50:59 GMT+0100 (BST): New user connected
Sat May 05 2018 08:51:01 GMT+0100 (BST): Error
Sat May 05 2018 08:51:02 GMT+0100 (BST): Error
Sun May 06 2018 10:41:01 GMT+0100 (BST): New user connected
Sun May 06 2018 10:41:02 GMT+0100 (BST): Error
Sun May 06 2018 10:41:39 GMT+0100 (BST): Error
Sun May 06 2018 10:41:58 GMT+0100 (BST): Error
Sun May 06 2018 10:42:11 GMT+0100 (BST): Error
Sun May 06 2018 10:42:18 GMT+0100 (BST): Error
Sun May 06 2018 10:42:36 GMT+0100 (BST): Error
Sun May 06 2018 10:44:10 GMT+0100 (BST): New user connected
Sun May 06 2018 10:44:42 GMT+0100 (BST): New user connected
Sun May 06 2018 10:45:39 GMT+0100 (BST): New user connected
Sun May 06 2018 10:46:11 GMT+0100 (BST): New user connected
Sun May 06 2018 10:46:19 GMT+0100 (BST): New user connected
Sun May 06 2018 10:47:16 GMT+0100 (BST): New user connected
Sun May 06 2018 10:47:48 GMT+0100 (BST): New user connected
Sun May 06 2018 10:48:48 GMT+0100 (BST): New user connected
Sun May 06 2018 10:51:04 GMT+0100 (BST): New user connected
Sun May 06 2018 10:52:28 GMT+0100 (BST): New user connected
Sun May 06 2018 10:52:59 GMT+0100 (BST): New user connected
Sun May 06 2018 10:55:00 GMT+0100 (BST): New user connected
Sun May 06 2018 10:57:02 GMT+0100 (BST): New user connected
Sun May 06 2018 10:58:26 GMT+0100 (BST): New user connected
Sun May 06 2018 10:58:44 GMT+0100 (BST): New user connected
Sun May 06 2018 10:58:53 GMT+0100 (BST): New user connected
Sun May 06 2018 11:00:16 GMT+0100 (BST): New user connected
Sun May 06 2018 11:00:55 GMT+0100 (BST): Error: could not find location
Sun May 06 2018 11:02:58 GMT+0100 (BST): New user connected
Sun May 06 2018 11:03:09 GMT+0100 (BST): New user connected
Sun May 06 2018 11:03:41 GMT+0100 (BST): New user connected
